<?xml version="1.0" encoding="UTF-8"?>
<testng-results ignored="0" total="1" passed="1" failed="0" skipped="0">
  <reporter-output>
  </reporter-output>
  <suite started-at="2019-06-02T18:47:22Z" name="Default suite" finished-at="2019-06-02T18:47:31Z" duration-ms="9336">
    <groups>
    </groups>
    <test started-at="2019-06-02T18:47:22Z" name="Default test" finished-at="2019-06-02T18:47:31Z" duration-ms="9336">
      <class name="com.class12.Task">
        <test-method signature="readFile()[pri:0, instance:com.class12.Task@70325e14]" started-at="2019-06-02T18:47:22Z" name="readFile" finished-at="2019-06-02T18:47:31Z" duration-ms="9309" status="PASS">
          <reporter-output>
          </reporter-output>
        </test-method> <!-- readFile -->
      </class> <!-- com.class12.Task -->
    </test> <!-- Default test -->
  </suite> <!-- Default suite -->
</testng-results>
